<?xml version='1.0' encoding='UTF-8'?>
<testsuite hostname="hamna-Lenovo-G40-80" name="ASICPractice.RandomNumberGeneratortest" tests="1" errors="0" failures="1" skipped="0" time="7.211" timestamp="2024-02-23T12:14:46">
                     <properties>
[...]
</properties>
                     <testcase classname="ASICPractice.RandomNumberGeneratortest" name="random Test" time="7.211">
                                                 <failure message="LFSR.io_out=0 (0x0) did not equal expected=189 (0xbd) (lines in randomtest.scala: 10)" type="org.scalatest.exceptions.TestFailedException">org.scalatest.exceptions.TestFailedException: LFSR.io_out=0 (0x0) did not equal expected=189 (0xbd) (lines in randomtest.scala: 10)
	at chiseltest.internal.TestEnvInterface.testerExpect(TestEnvInterface.scala:107)
	at chiseltest.internal.TestEnvInterface.testerExpect$(TestEnvInterface.scala:70)
	at ASICPractice.RandomNumberGeneratortest.testerExpect(randomtest.scala:8)
	at chiseltest.legacy.backends.verilator.VerilatorBackend.expectBits(VerilatorBackend.scala:129)
	at chiseltest.package$testableData.expectWithStale(package.scala:166)
	at chiseltest.package$testableData.expect(package.scala:193)
	at ASICPractice.RandomNumberGeneratortest.$anonfun$new$3(randomtest.scala:13)
	at ASICPractice.RandomNumberGeneratortest.$anonfun$new$3$adapted(randomtest.scala:10)
	at chiseltest.legacy.backends.verilator.VerilatorBackend.$anonfun$run$1(VerilatorBackend.scala:192)
	at chiseltest.internal.ThreadedBackend$TesterThread$$anon$1.$anonfun$run$1(ThreadedBackend.scala:507)
	at chiseltest.legacy.backends.verilator.VerilatorBackend.doTimescope(VerilatorBackend.scala:149)
	at chiseltest.internal.ThreadedBackend$TesterThread$$anon$1.run(ThreadedBackend.scala:507)
	at java.base/java.lang.Thread.run(Thread.java:840)
Caused by: chiseltest.internal.FailedExpectException: LFSR.io_out=0 (0x0) did not equal expected=189 (0xbd) (lines in randomtest.scala: 10)
	... 13 more
</failure>
                                               </testcase>
                     <system-out><![CDATA[]]></system-out>
                     <system-err><![CDATA[]]></system-err>
                   </testsuite>