[0m[[0m[0mdebug[0m] [0m[0mRunning TaskDef(BabyKyber.BabyKyberTopTests, org.scalatest.tools.Framework$$anon$1@33a5424, false, [SuiteSelector])[0m
[0m[[0m[0minfo[0m] [0m[0m[32mBabyKyberTopTests:[0m[0m
[0m[[0m[0minfo[0m] [0m[0m[31m- BabyKyberTop Test *** FAILED ***[0m[0m
[0m[[0m[0minfo[0m] [0m[0m[31m  io_rsp_bits_dataResponse=0 (0x0) did not equal expected=1 (0x1) (lines in BabyKyberTopTest.scala: 14) (BabyKyberTopTest.scala:27)[0m[0m
[0m[[0m[0minfo[0m] [0m[0m[36mRun completed in 3 seconds, 392 milliseconds.[0m[0m
[0m[[0m[0minfo[0m] [0m[0m[36mTotal number of tests run: 1[0m[0m
[0m[[0m[0minfo[0m] [0m[0m[36mSuites: completed 1, aborted 0[0m[0m
[0m[[0m[0minfo[0m] [0m[0m[36mTests: succeeded 0, failed 1, canceled 0, ignored 0, pending 0[0m[0m
[0m[[0m[0minfo[0m] [0m[0m[31m*** 1 TEST FAILED ***[0m[0m
[0m[[0m[31merror[0m] [0m[0mFailed tests:[0m
[0m[[0m[31merror[0m] [0m[0m	BabyKyber.BabyKyberTopTests[0m
[0m[[0m[31merror[0m] [0m[0m(Test / [31mtestOnly[0m) sbt.TestsFailedException: Tests unsuccessful[0m
